<?xml version="1.0" encoding="UTF-8"?>
<!-- Generated by org.testng.reporters.JUnitXMLReporter -->
<testsuite ignored="0" hostname="DESKTOP-5GJ46NE" failures="0" tests="2" name="ErrorsValidationTest" time="33.04" errors="0" timestamp="2025-03-21T23:04:10 IST">
  <testcase classname="testscripts.ErrorsValidationTest" name="LoginErrorValidation" time="1.019"/>
  <testcase classname="testscripts.ErrorsValidationTest" name="ProductErrorValidation" time="14.241"/>
</testsuite> <!-- ErrorsValidationTest -->
