<?xml version="1.0" encoding="UTF-8"?>
<!-- Generated by org.testng.reporters.JUnitXMLReporter -->
<testsuite ignored="0" hostname="DESKTOP-5GJ46NE" failures="0" tests="3" name="SubmitOrderTest" time="40.744" errors="0" timestamp="2025-03-21T23:04:18 IST">
  <testcase classname="testscripts.SubmitOrderTest" name="submitOrder" time="15.98"/>
  <testcase classname="testscripts.SubmitOrderTest" name="submitOrder" time="3.738"/>
  <testcase classname="testscripts.SubmitOrderTest" name="OrderHistoryTest" time="0.959"/>
</testsuite> <!-- SubmitOrderTest -->
