<?xml version="1.0" encoding="UTF-8"?>
<!-- Generated by org.testng.reporters.JUnitXMLReporter -->
<testsuite ignored="0" hostname="DESKTOP-5GJ46NE" failures="0" tests="2" name="ErrorsValidationTest" time="26.898" errors="0" timestamp="2025-03-22T14:41:28 IST">
  <testcase classname="testscripts.ErrorsValidationTest" name="LoginErrorValidation" time="2.102"/>
  <testcase classname="testscripts.ErrorsValidationTest" name="ProductErrorValidation" time="3.499"/>
</testsuite> <!-- ErrorsValidationTest -->
