<?xml version="1.0" encoding="UTF-8"?>
<!-- Generated by org.testng.reporters.JUnitXMLReporter -->
<testsuite ignored="0" hostname="DESKTOP-5GJ46NE" failures="0" tests="3" name="SubmitOrderTest" time="45.635" errors="0" timestamp="2025-03-22T14:41:46 IST">
  <testcase classname="testscripts.SubmitOrderTest" name="submitOrder" time="17.028"/>
  <testcase classname="testscripts.SubmitOrderTest" name="submitOrder" time="4.444"/>
  <testcase classname="testscripts.SubmitOrderTest" name="OrderHistoryTest" time="1.37"/>
</testsuite> <!-- SubmitOrderTest -->
