<?xml version="1.0" encoding="UTF-8"?>
<testng-results ignored="0" total="5" passed="5" failed="0" skipped="0">
  <reporter-output>
  </reporter-output>
  <suite started-at="2025-03-22T14:41:01 IST" name="Suite" finished-at="2025-03-22T14:41:46 IST" duration-ms="45635">
    <groups>
      <group name="ErrorHandling">
        <method signature="ErrorsValidationTest.LoginErrorValidation()[pri:0, instance:testscripts.ErrorsValidationTest@2fb0623e]" name="LoginErrorValidation" class="testscripts.ErrorsValidationTest"/>
      </group> <!-- ErrorHandling -->
      <group name="Purchase">
        <method signature="SubmitOrderTest.submitOrder(java.util.HashMap)[pri:0, instance:testscripts.SubmitOrderTest@5745ca0e]" name="submitOrder" class="testscripts.SubmitOrderTest"/>
      </group> <!-- Purchase -->
    </groups>
    <test started-at="2025-03-22T14:41:01 IST" name="StandAloneTest" finished-at="2025-03-22T14:41:01 IST" duration-ms="25">
    </test> <!-- StandAloneTest -->
    <test started-at="2025-03-22T14:41:01 IST" name="ErrorsValidationTest" finished-at="2025-03-22T14:41:28 IST" duration-ms="26898">
      <class name="testscripts.ErrorsValidationTest">
        <test-method is-config="true" signature="launchApplication()[pri:0, instance:testscripts.ErrorsValidationTest@2fb0623e]" started-at="2025-03-22T14:41:01 IST" name="launchApplication" finished-at="2025-03-22T14:41:13 IST" duration-ms="12605" status="PASS">
          <reporter-output>
          </reporter-output>
        </test-method> <!-- launchApplication -->
        <test-method signature="LoginErrorValidation()[pri:0, instance:testscripts.ErrorsValidationTest@2fb0623e]" started-at="2025-03-22T14:41:13 IST" name="LoginErrorValidation" finished-at="2025-03-22T14:41:15 IST" duration-ms="2102" status="PASS">
          <reporter-output>
          </reporter-output>
        </test-method> <!-- LoginErrorValidation -->
        <test-method is-config="true" signature="tearDown()[pri:0, instance:testscripts.ErrorsValidationTest@2fb0623e]" started-at="2025-03-22T14:41:15 IST" name="tearDown" finished-at="2025-03-22T14:41:16 IST" duration-ms="332" status="PASS">
          <reporter-output>
          </reporter-output>
        </test-method> <!-- tearDown -->
        <test-method is-config="true" signature="launchApplication()[pri:0, instance:testscripts.ErrorsValidationTest@2fb0623e]" started-at="2025-03-22T14:41:16 IST" name="launchApplication" finished-at="2025-03-22T14:41:24 IST" duration-ms="8075" status="PASS">
          <reporter-output>
          </reporter-output>
        </test-method> <!-- launchApplication -->
        <test-method signature="ProductErrorValidation()[pri:0, instance:testscripts.ErrorsValidationTest@2fb0623e]" started-at="2025-03-22T14:41:24 IST" name="ProductErrorValidation" finished-at="2025-03-22T14:41:27 IST" duration-ms="3499" status="PASS">
          <reporter-output>
          </reporter-output>
        </test-method> <!-- ProductErrorValidation -->
        <test-method is-config="true" signature="tearDown()[pri:0, instance:testscripts.ErrorsValidationTest@2fb0623e]" started-at="2025-03-22T14:41:27 IST" name="tearDown" finished-at="2025-03-22T14:41:28 IST" duration-ms="160" status="PASS">
          <reporter-output>
          </reporter-output>
        </test-method> <!-- tearDown -->
      </class> <!-- testscripts.ErrorsValidationTest -->
    </test> <!-- ErrorsValidationTest -->
    <test started-at="2025-03-22T14:41:01 IST" name="SubmitOrderTest" finished-at="2025-03-22T14:41:46 IST" duration-ms="45635">
      <class name="testscripts.SubmitOrderTest">
        <test-method is-config="true" signature="launchApplication()[pri:0, instance:testscripts.SubmitOrderTest@5745ca0e]" started-at="2025-03-22T14:41:01 IST" name="launchApplication" finished-at="2025-03-22T14:41:14 IST" duration-ms="12233" status="PASS">
          <reporter-output>
          </reporter-output>
        </test-method> <!-- launchApplication -->
        <test-method signature="submitOrder(java.util.HashMap)[pri:0, instance:testscripts.SubmitOrderTest@5745ca0e]" started-at="2025-03-22T14:41:14 IST" name="submitOrder" data-provider="getData" finished-at="2025-03-22T14:41:31 IST" duration-ms="17028" status="PASS">
          <params>
            <param index="0">
              <value>
                <![CDATA[{password=Iamking@000, product=ZARA COAT 3, email=anshika@gmail.com}]]>
              </value>
            </param>
          </params>
          <reporter-output>
          </reporter-output>
        </test-method> <!-- submitOrder -->
        <test-method is-config="true" signature="tearDown()[pri:0, instance:testscripts.SubmitOrderTest@5745ca0e]" started-at="2025-03-22T14:41:31 IST" name="tearDown" finished-at="2025-03-22T14:41:31 IST" duration-ms="144" status="PASS">
          <reporter-output>
          </reporter-output>
        </test-method> <!-- tearDown -->
        <test-method is-config="true" signature="launchApplication()[pri:0, instance:testscripts.SubmitOrderTest@5745ca0e]" started-at="2025-03-22T14:41:31 IST" name="launchApplication" finished-at="2025-03-22T14:41:36 IST" duration-ms="5074" status="PASS">
          <reporter-output>
          </reporter-output>
        </test-method> <!-- launchApplication -->
        <test-method signature="submitOrder(java.util.HashMap)[pri:0, instance:testscripts.SubmitOrderTest@5745ca0e]" started-at="2025-03-22T14:41:36 IST" name="submitOrder" data-provider="getData" finished-at="2025-03-22T14:41:40 IST" duration-ms="4444" status="PASS">
          <params>
            <param index="0">
              <value>
                <![CDATA[{password=Kratos@1234, product=ADIDAS ORIGINAL, email=sunny938650@gmail.com}]]>
              </value>
            </param>
          </params>
          <reporter-output>
          </reporter-output>
        </test-method> <!-- submitOrder -->
        <test-method is-config="true" signature="tearDown()[pri:0, instance:testscripts.SubmitOrderTest@5745ca0e]" started-at="2025-03-22T14:41:40 IST" name="tearDown" finished-at="2025-03-22T14:41:40 IST" duration-ms="131" status="PASS">
          <reporter-output>
          </reporter-output>
        </test-method> <!-- tearDown -->
        <test-method is-config="true" signature="launchApplication()[pri:0, instance:testscripts.SubmitOrderTest@5745ca0e]" started-at="2025-03-22T14:41:40 IST" name="launchApplication" finished-at="2025-03-22T14:41:45 IST" duration-ms="4418" status="PASS">
          <reporter-output>
          </reporter-output>
        </test-method> <!-- launchApplication -->
        <test-method signature="OrderHistoryTest()[pri:0, instance:testscripts.SubmitOrderTest@5745ca0e]" started-at="2025-03-22T14:41:45 IST" name="OrderHistoryTest" finished-at="2025-03-22T14:41:46 IST" depends-on-methods="testscripts.SubmitOrderTest.submitOrder" duration-ms="1370" status="PASS">
          <reporter-output>
          </reporter-output>
        </test-method> <!-- OrderHistoryTest -->
        <test-method is-config="true" signature="tearDown()[pri:0, instance:testscripts.SubmitOrderTest@5745ca0e]" started-at="2025-03-22T14:41:46 IST" name="tearDown" finished-at="2025-03-22T14:41:46 IST" duration-ms="131" status="PASS">
          <reporter-output>
          </reporter-output>
        </test-method> <!-- tearDown -->
      </class> <!-- testscripts.SubmitOrderTest -->
    </test> <!-- SubmitOrderTest -->
  </suite> <!-- Suite -->
</testng-results>
